2013/03/04 20:18:05 [error] [exception.CException] exception 'CException' with message 'Alias "ext.bootstrap.components.Bootstrap" is invalid. Make sure it points to an existing PHP file and the file is readable.' in /var/www/yii/framework/YiiBase.php:316
Stack trace:
#0 /var/www/yii/framework/YiiBase.php(196): YiiBase::import('ext.bootstrap.c...', true)
#1 /var/www/yii/framework/base/CModule.php(386): YiiBase::createComponent(Array)
#2 /var/www/yii/framework/base/CModule.php(523): CModule->getComponent('bootstrap')
#3 /var/www/yii/framework/base/CApplication.php(152): CModule->preloadComponents()
#4 /var/www/yii/framework/YiiBase.php(125): CApplication->__construct('/var/www/condor...')
#5 /var/www/yii/framework/YiiBase.php(98): YiiBase::createApplication('CWebApplication', '/var/www/condor...')
#6 /var/www/condor-prototipo/index.php(13): YiiBase::createWebApplication('/var/www/condor...')
#7 {main}
REQUEST_URI=/condor-prototipo/
---
2013/03/04 20:18:06 [error] [exception.CException] exception 'CException' with message 'Alias "ext.bootstrap.components.Bootstrap" is invalid. Make sure it points to an existing PHP file and the file is readable.' in /var/www/yii/framework/YiiBase.php:316
Stack trace:
#0 /var/www/yii/framework/YiiBase.php(196): YiiBase::import('ext.bootstrap.c...', true)
#1 /var/www/yii/framework/base/CModule.php(386): YiiBase::createComponent(Array)
#2 /var/www/yii/framework/base/CModule.php(523): CModule->getComponent('bootstrap')
#3 /var/www/yii/framework/base/CApplication.php(152): CModule->preloadComponents()
#4 /var/www/yii/framework/YiiBase.php(125): CApplication->__construct('/var/www/condor...')
#5 /var/www/yii/framework/YiiBase.php(98): YiiBase::createApplication('CWebApplication', '/var/www/condor...')
#6 /var/www/condor-prototipo/index.php(13): YiiBase::createWebApplication('/var/www/condor...')
#7 {main}
REQUEST_URI=/condor-prototipo/
---
2013/03/04 20:18:06 [error] [exception.CException] exception 'CException' with message 'Alias "ext.bootstrap.components.Bootstrap" is invalid. Make sure it points to an existing PHP file and the file is readable.' in /var/www/yii/framework/YiiBase.php:316
Stack trace:
#0 /var/www/yii/framework/YiiBase.php(196): YiiBase::import('ext.bootstrap.c...', true)
#1 /var/www/yii/framework/base/CModule.php(386): YiiBase::createComponent(Array)
#2 /var/www/yii/framework/base/CModule.php(523): CModule->getComponent('bootstrap')
#3 /var/www/yii/framework/base/CApplication.php(152): CModule->preloadComponents()
#4 /var/www/yii/framework/YiiBase.php(125): CApplication->__construct('/var/www/condor...')
#5 /var/www/yii/framework/YiiBase.php(98): YiiBase::createApplication('CWebApplication', '/var/www/condor...')
#6 /var/www/condor-prototipo/index.php(13): YiiBase::createWebApplication('/var/www/condor...')
#7 {main}
REQUEST_URI=/condor-prototipo/
---
2013/03/04 22:43:19 [error] [exception.CHttpException.404] exception 'CHttpException' with message 'The system is unable to find the requested action "contact".' in /var/www/yii/framework/web/CController.php:483
Stack trace:
#0 /var/www/yii/framework/web/CController.php(270): CController->missingAction('contact')
#1 /var/www/yii/framework/web/CWebApplication.php(282): CController->run('contact')
#2 /var/www/yii/framework/web/CWebApplication.php(141): CWebApplication->runController('Temas/contact')
#3 /var/www/yii/framework/base/CApplication.php(169): CWebApplication->processRequest()
#4 /var/www/condor-prototipo/index.php(13): CApplication->run()
#5 {main}
REQUEST_URI=/condor-prototipo/index.php?r=Temas/contact
HTTP_REFERER=http://localhost/condor-prototipo/index.php?r=site/index
---
2013/03/04 22:43:25 [error] [exception.CHttpException.404] exception 'CHttpException' with message 'The system is unable to find the requested action "contact".' in /var/www/yii/framework/web/CController.php:483
Stack trace:
#0 /var/www/yii/framework/web/CController.php(270): CController->missingAction('contact')
#1 /var/www/yii/framework/web/CWebApplication.php(282): CController->run('contact')
#2 /var/www/yii/framework/web/CWebApplication.php(141): CWebApplication->runController('Temas/contact')
#3 /var/www/yii/framework/base/CApplication.php(169): CWebApplication->processRequest()
#4 /var/www/condor-prototipo/index.php(13): CApplication->run()
#5 {main}
REQUEST_URI=/condor-prototipo/index.php?r=Temas/contact
HTTP_REFERER=http://localhost/condor-prototipo/index.php?r=site/contact
---
2013/03/04 22:43:52 [error] [exception.CHttpException.404] exception 'CHttpException' with message 'The system is unable to find the requested action "contact".' in /var/www/yii/framework/web/CController.php:483
Stack trace:
#0 /var/www/yii/framework/web/CController.php(270): CController->missingAction('contact')
#1 /var/www/yii/framework/web/CWebApplication.php(282): CController->run('contact')
#2 /var/www/yii/framework/web/CWebApplication.php(141): CWebApplication->runController('Temas/contact')
#3 /var/www/yii/framework/base/CApplication.php(169): CWebApplication->processRequest()
#4 /var/www/condor-prototipo/index.php(13): CApplication->run()
#5 {main}
REQUEST_URI=/condor-prototipo/index.php?r=Temas/contact
HTTP_REFERER=http://localhost/condor-prototipo/index.php?r=site/contact
---
2013/03/04 22:43:52 [error] [exception.CHttpException.404] exception 'CHttpException' with message 'The system is unable to find the requested action "contact".' in /var/www/yii/framework/web/CController.php:483
Stack trace:
#0 /var/www/yii/framework/web/CController.php(270): CController->missingAction('contact')
#1 /var/www/yii/framework/web/CWebApplication.php(282): CController->run('contact')
#2 /var/www/yii/framework/web/CWebApplication.php(141): CWebApplication->runController('Temas/contact')
#3 /var/www/yii/framework/base/CApplication.php(169): CWebApplication->processRequest()
#4 /var/www/condor-prototipo/index.php(13): CApplication->run()
#5 {main}
REQUEST_URI=/condor-prototipo/index.php?r=Temas/contact
HTTP_REFERER=http://localhost/condor-prototipo/index.php?r=site/contact
---
2013/03/04 22:43:53 [error] [exception.CHttpException.404] exception 'CHttpException' with message 'The system is unable to find the requested action "contact".' in /var/www/yii/framework/web/CController.php:483
Stack trace:
#0 /var/www/yii/framework/web/CController.php(270): CController->missingAction('contact')
#1 /var/www/yii/framework/web/CWebApplication.php(282): CController->run('contact')
#2 /var/www/yii/framework/web/CWebApplication.php(141): CWebApplication->runController('Temas/contact')
#3 /var/www/yii/framework/base/CApplication.php(169): CWebApplication->processRequest()
#4 /var/www/condor-prototipo/index.php(13): CApplication->run()
#5 {main}
REQUEST_URI=/condor-prototipo/index.php?r=Temas/contact
HTTP_REFERER=http://localhost/condor-prototipo/index.php?r=site/contact
---
2013/03/04 23:06:14 [error] [exception.CHttpException.404] exception 'CHttpException' with message 'Unable to resolve the request "Home/index".' in /var/www/yii/framework/web/CWebApplication.php:286
Stack trace:
#0 /var/www/yii/framework/web/CWebApplication.php(141): CWebApplication->runController('Home/index')
#1 /var/www/yii/framework/base/CApplication.php(169): CWebApplication->processRequest()
#2 /var/www/condor-prototipo/index.php(13): CApplication->run()
#3 {main}
REQUEST_URI=/condor-prototipo/index.php?r=Home/index
HTTP_REFERER=http://localhost/condor-prototipo/index.php?r=site/index
---
2013/03/04 23:06:16 [error] [exception.CHttpException.404] exception 'CHttpException' with message 'Unable to resolve the request "Home/index".' in /var/www/yii/framework/web/CWebApplication.php:286
Stack trace:
#0 /var/www/yii/framework/web/CWebApplication.php(141): CWebApplication->runController('Home/index')
#1 /var/www/yii/framework/base/CApplication.php(169): CWebApplication->processRequest()
#2 /var/www/condor-prototipo/index.php(13): CApplication->run()
#3 {main}
REQUEST_URI=/condor-prototipo/index.php?r=Home/index
HTTP_REFERER=http://localhost/condor-prototipo/index.php?r=Home/index
---
2013/03/04 23:06:17 [error] [exception.CHttpException.404] exception 'CHttpException' with message 'Unable to resolve the request "Home/index".' in /var/www/yii/framework/web/CWebApplication.php:286
Stack trace:
#0 /var/www/yii/framework/web/CWebApplication.php(141): CWebApplication->runController('Home/index')
#1 /var/www/yii/framework/base/CApplication.php(169): CWebApplication->processRequest()
#2 /var/www/condor-prototipo/index.php(13): CApplication->run()
#3 {main}
REQUEST_URI=/condor-prototipo/index.php?r=Home/index
HTTP_REFERER=http://localhost/condor-prototipo/index.php?r=Home/index
---
2013/03/04 23:06:34 [error] [exception.CHttpException.404] exception 'CHttpException' with message 'Unable to resolve the request "Home/index".' in /var/www/yii/framework/web/CWebApplication.php:286
Stack trace:
#0 /var/www/yii/framework/web/CWebApplication.php(141): CWebApplication->runController('Home/index')
#1 /var/www/yii/framework/base/CApplication.php(169): CWebApplication->processRequest()
#2 /var/www/condor-prototipo/index.php(13): CApplication->run()
#3 {main}
REQUEST_URI=/condor-prototipo/index.php?r=Home/index
HTTP_REFERER=http://localhost/condor-prototipo/index.php?r=Home/index
---
2013/03/04 23:06:35 [error] [exception.CHttpException.404] exception 'CHttpException' with message 'Unable to resolve the request "Home/index".' in /var/www/yii/framework/web/CWebApplication.php:286
Stack trace:
#0 /var/www/yii/framework/web/CWebApplication.php(141): CWebApplication->runController('Home/index')
#1 /var/www/yii/framework/base/CApplication.php(169): CWebApplication->processRequest()
#2 /var/www/condor-prototipo/index.php(13): CApplication->run()
#3 {main}
REQUEST_URI=/condor-prototipo/index.php?r=Home/index
HTTP_REFERER=http://localhost/condor-prototipo/index.php?r=Home/index
---
2013/03/04 23:06:49 [error] [exception.CHttpException.404] exception 'CHttpException' with message 'Unable to resolve the request "Home/index".' in /var/www/yii/framework/web/CWebApplication.php:286
Stack trace:
#0 /var/www/yii/framework/web/CWebApplication.php(141): CWebApplication->runController('Home/index')
#1 /var/www/yii/framework/base/CApplication.php(169): CWebApplication->processRequest()
#2 /var/www/condor-prototipo/index.php(13): CApplication->run()
#3 {main}
REQUEST_URI=/condor-prototipo/index.php?r=Home/index
HTTP_REFERER=http://localhost/condor-prototipo/index.php?r=Home/index
---
2013/03/04 23:55:29 [error] [php] Undefined variable: thumbDataProvider (/var/www/condor-prototipo/protected/views/layouts/main.php:30)
Stack trace:
#0 /var/www/yii/framework/web/widgets/CContentDecorator.php(76): SiteController->renderFile()
#1 /var/www/yii/framework/web/widgets/CContentDecorator.php(54): CContentDecorator->decorate()
#2 /var/www/yii/framework/web/widgets/COutputProcessor.php(44): CContentDecorator->processOutput()
#3 /var/www/yii/framework/web/CBaseController.php(206): CContentDecorator->run()
#4 /var/www/yii/framework/web/CBaseController.php(300): SiteController->endWidget()
#5 /var/www/condor-prototipo/protected/views/layouts/column1.php(6): SiteController->endContent()
#6 /var/www/yii/framework/web/CBaseController.php(126): require()
#7 /var/www/yii/framework/web/CBaseController.php(95): SiteController->renderInternal()
#8 /var/www/yii/framework/web/CController.php(784): SiteController->renderFile()
#9 /var/www/condor-prototipo/protected/controllers/SiteController.php(32): SiteController->render()
#10 /var/www/yii/framework/web/actions/CInlineAction.php(49): SiteController->actionIndex()
#11 /var/www/yii/framework/web/CController.php(308): CInlineAction->runWithParams()
#12 /var/www/yii/framework/web/CController.php(286): SiteController->runAction()
#13 /var/www/yii/framework/web/CController.php(265): SiteController->runActionWithFilters()
#14 /var/www/yii/framework/web/CWebApplication.php(282): SiteController->run()
#15 /var/www/yii/framework/web/CWebApplication.php(141): CWebApplication->runController()
#16 /var/www/yii/framework/base/CApplication.php(169): CWebApplication->processRequest()
#17 /var/www/condor-prototipo/index.php(13): CWebApplication->run()
REQUEST_URI=/condor-prototipo/index.php?r=site/index
in /var/www/condor-prototipo/protected/views/layouts/main.php (30)
in /var/www/condor-prototipo/protected/views/layouts/column1.php (6)
in /var/www/condor-prototipo/protected/controllers/SiteController.php (32)
